../output_0.01_bitmask.skip/timeloop-mapper.stats.txt:Summary Stats
../output_0.01_bitmask.skip/timeloop-mapper.stats.txt--------------
../output_0.01_bitmask.skip/timeloop-mapper.stats.txt-Utilization: 0.00
../output_0.01_bitmask.skip/timeloop-mapper.stats.txt-Cycles: 143456
../output_0.01_bitmask.skip/timeloop-mapper.stats.txt-Energy: 1.39 uJ
../output_0.01_bitmask.skip/timeloop-mapper.stats.txt-Area: 0.64 mm^2
--
../output_0.01_bitmask/timeloop-mapper.stats.txt:Summary Stats
../output_0.01_bitmask/timeloop-mapper.stats.txt--------------
../output_0.01_bitmask/timeloop-mapper.stats.txt-Utilization: 0.00
../output_0.01_bitmask/timeloop-mapper.stats.txt-Cycles: 2113536
../output_0.01_bitmask/timeloop-mapper.stats.txt-Energy: 1.34 uJ
../output_0.01_bitmask/timeloop-mapper.stats.txt-Area: 0.64 mm^2
--
../output_0.01_coo/timeloop-mapper.stats.txt:Summary Stats
../output_0.01_coo/timeloop-mapper.stats.txt--------------
../output_0.01_coo/timeloop-mapper.stats.txt-Utilization: 0.01
../output_0.01_coo/timeloop-mapper.stats.txt-Cycles: 34056
../output_0.01_coo/timeloop-mapper.stats.txt-Energy: 0.44 uJ
../output_0.01_coo/timeloop-mapper.stats.txt-Area: 0.64 mm^2
--
../output_0.02_bitmask.skip/timeloop-mapper.stats.txt:Summary Stats
../output_0.02_bitmask.skip/timeloop-mapper.stats.txt--------------
../output_0.02_bitmask.skip/timeloop-mapper.stats.txt-Utilization: 0.01
../output_0.02_bitmask.skip/timeloop-mapper.stats.txt-Cycles: 152208
../output_0.02_bitmask.skip/timeloop-mapper.stats.txt-Energy: 1.47 uJ
../output_0.02_bitmask.skip/timeloop-mapper.stats.txt-Area: 0.64 mm^2
--
../output_0.02_bitmask/timeloop-mapper.stats.txt:Summary Stats
../output_0.02_bitmask/timeloop-mapper.stats.txt--------------
../output_0.02_bitmask/timeloop-mapper.stats.txt-Utilization: 0.00
../output_0.02_bitmask/timeloop-mapper.stats.txt-Cycles: 2113536
../output_0.02_bitmask/timeloop-mapper.stats.txt-Energy: 1.42 uJ
../output_0.02_bitmask/timeloop-mapper.stats.txt-Area: 0.64 mm^2
--
../output_0.02_coo/timeloop-mapper.stats.txt:Summary Stats
../output_0.02_coo/timeloop-mapper.stats.txt--------------
../output_0.02_coo/timeloop-mapper.stats.txt-Utilization: 0.01
../output_0.02_coo/timeloop-mapper.stats.txt-Cycles: 58124
../output_0.02_coo/timeloop-mapper.stats.txt-Energy: 0.67 uJ
../output_0.02_coo/timeloop-mapper.stats.txt-Area: 0.64 mm^2
--
../output_0.04_bitmask.skip/timeloop-mapper.stats.txt:Summary Stats
../output_0.04_bitmask.skip/timeloop-mapper.stats.txt--------------
../output_0.04_bitmask.skip/timeloop-mapper.stats.txt-Utilization: 0.02
../output_0.04_bitmask.skip/timeloop-mapper.stats.txt-Cycles: 173344
../output_0.04_bitmask.skip/timeloop-mapper.stats.txt-Energy: 1.67 uJ
../output_0.04_bitmask.skip/timeloop-mapper.stats.txt-Area: 0.64 mm^2
--
../output_0.04_bitmask/timeloop-mapper.stats.txt:Summary Stats
../output_0.04_bitmask/timeloop-mapper.stats.txt--------------
../output_0.04_bitmask/timeloop-mapper.stats.txt-Utilization: 0.00
../output_0.04_bitmask/timeloop-mapper.stats.txt-Cycles: 2113536
../output_0.04_bitmask/timeloop-mapper.stats.txt-Energy: 1.62 uJ
../output_0.04_bitmask/timeloop-mapper.stats.txt-Area: 0.64 mm^2
--
../output_0.04_coo/timeloop-mapper.stats.txt:Summary Stats
../output_0.04_coo/timeloop-mapper.stats.txt--------------
../output_0.04_coo/timeloop-mapper.stats.txt-Utilization: 0.03
../output_0.04_coo/timeloop-mapper.stats.txt-Cycles: 116247
../output_0.04_coo/timeloop-mapper.stats.txt-Energy: 1.28 uJ
../output_0.04_coo/timeloop-mapper.stats.txt-Area: 0.64 mm^2
--
../output_0.08_bitmask.skip/timeloop-mapper.stats.txt:Summary Stats
../output_0.08_bitmask.skip/timeloop-mapper.stats.txt--------------
../output_0.08_bitmask.skip/timeloop-mapper.stats.txt-Utilization: 0.06
../output_0.08_bitmask.skip/timeloop-mapper.stats.txt-Cycles: 215614
../output_0.08_bitmask.skip/timeloop-mapper.stats.txt-Energy: 2.09 uJ
../output_0.08_bitmask.skip/timeloop-mapper.stats.txt-Area: 0.64 mm^2
--
../output_0.08_bitmask/timeloop-mapper.stats.txt:Summary Stats
../output_0.08_bitmask/timeloop-mapper.stats.txt--------------
../output_0.08_bitmask/timeloop-mapper.stats.txt-Utilization: 0.01
../output_0.08_bitmask/timeloop-mapper.stats.txt-Cycles: 2113536
../output_0.08_bitmask/timeloop-mapper.stats.txt-Energy: 2.04 uJ
../output_0.08_bitmask/timeloop-mapper.stats.txt-Area: 0.64 mm^2
--
../output_0.08_coo/timeloop-mapper.stats.txt:Summary Stats
../output_0.08_coo/timeloop-mapper.stats.txt--------------
../output_0.08_coo/timeloop-mapper.stats.txt-Utilization: 0.06
../output_0.08_coo/timeloop-mapper.stats.txt-Cycles: 232490
../output_0.08_coo/timeloop-mapper.stats.txt-Energy: 2.39 uJ
../output_0.08_coo/timeloop-mapper.stats.txt-Area: 0.64 mm^2
--
../output_0.1_bitmask.skip/timeloop-mapper.stats.txt:Summary Stats
../output_0.1_bitmask.skip/timeloop-mapper.stats.txt--------------
../output_0.1_bitmask.skip/timeloop-mapper.stats.txt-Utilization: 0.09
../output_0.1_bitmask.skip/timeloop-mapper.stats.txt-Cycles: 238400
../output_0.1_bitmask.skip/timeloop-mapper.stats.txt-Energy: 2.32 uJ
../output_0.1_bitmask.skip/timeloop-mapper.stats.txt-Area: 0.64 mm^2
--
../output_0.1_bitmask/timeloop-mapper.stats.txt:Summary Stats
../output_0.1_bitmask/timeloop-mapper.stats.txt--------------
../output_0.1_bitmask/timeloop-mapper.stats.txt-Utilization: 0.01
../output_0.1_bitmask/timeloop-mapper.stats.txt-Cycles: 2113536
../output_0.1_bitmask/timeloop-mapper.stats.txt-Energy: 2.27 uJ
../output_0.1_bitmask/timeloop-mapper.stats.txt-Area: 0.64 mm^2
--
../output_0.1_coo/timeloop-mapper.stats.txt:Summary Stats
../output_0.1_coo/timeloop-mapper.stats.txt--------------
../output_0.1_coo/timeloop-mapper.stats.txt-Utilization: 0.07
../output_0.1_coo/timeloop-mapper.stats.txt-Cycles: 295152
../output_0.1_coo/timeloop-mapper.stats.txt-Energy: 2.92 uJ
../output_0.1_coo/timeloop-mapper.stats.txt-Area: 0.64 mm^2
--
../output_0.2_bitmask.skip/timeloop-mapper.stats.txt:Summary Stats
../output_0.2_bitmask.skip/timeloop-mapper.stats.txt--------------
../output_0.2_bitmask.skip/timeloop-mapper.stats.txt-Utilization: 0.24
../output_0.2_bitmask.skip/timeloop-mapper.stats.txt-Cycles: 341600
../output_0.2_bitmask.skip/timeloop-mapper.stats.txt-Energy: 3.42 uJ
../output_0.2_bitmask.skip/timeloop-mapper.stats.txt-Area: 0.64 mm^2
--
../output_0.2_bitmask/timeloop-mapper.stats.txt:Summary Stats
../output_0.2_bitmask/timeloop-mapper.stats.txt--------------
../output_0.2_bitmask/timeloop-mapper.stats.txt-Utilization: 0.04
../output_0.2_bitmask/timeloop-mapper.stats.txt-Cycles: 2113536
../output_0.2_bitmask/timeloop-mapper.stats.txt-Energy: 3.38 uJ
../output_0.2_bitmask/timeloop-mapper.stats.txt-Area: 0.64 mm^2
--
../output_0.2_coo/timeloop-mapper.stats.txt:Summary Stats
../output_0.2_coo/timeloop-mapper.stats.txt--------------
../output_0.2_coo/timeloop-mapper.stats.txt-Utilization: 0.14
../output_0.2_coo/timeloop-mapper.stats.txt-Cycles: 578952
../output_0.2_coo/timeloop-mapper.stats.txt-Energy: 5.83 uJ
../output_0.2_coo/timeloop-mapper.stats.txt-Area: 0.64 mm^2
--
../output_0.4_bitmask.skip/timeloop-mapper.stats.txt:Summary Stats
../output_0.4_bitmask.skip/timeloop-mapper.stats.txt--------------
../output_0.4_bitmask.skip/timeloop-mapper.stats.txt-Utilization: 0.60
../output_0.4_bitmask.skip/timeloop-mapper.stats.txt-Cycles: 552128
../output_0.4_bitmask.skip/timeloop-mapper.stats.txt-Energy: 5.96 uJ
../output_0.4_bitmask.skip/timeloop-mapper.stats.txt-Area: 0.64 mm^2
--
../output_0.4_bitmask/timeloop-mapper.stats.txt:Summary Stats
../output_0.4_bitmask/timeloop-mapper.stats.txt--------------
../output_0.4_bitmask/timeloop-mapper.stats.txt-Utilization: 0.16
../output_0.4_bitmask/timeloop-mapper.stats.txt-Cycles: 2113536
../output_0.4_bitmask/timeloop-mapper.stats.txt-Energy: 5.93 uJ
../output_0.4_bitmask/timeloop-mapper.stats.txt-Area: 0.64 mm^2
--
../output_0.4_coo/timeloop-mapper.stats.txt:Summary Stats
../output_0.4_coo/timeloop-mapper.stats.txt--------------
../output_0.4_coo/timeloop-mapper.stats.txt-Utilization: 0.29
../output_0.4_coo/timeloop-mapper.stats.txt-Cycles: 1157904
../output_0.4_coo/timeloop-mapper.stats.txt-Energy: 11.87 uJ
../output_0.4_coo/timeloop-mapper.stats.txt-Area: 0.64 mm^2
--
../output_0.8_bitmask.skip/timeloop-mapper.stats.txt:Summary Stats
../output_0.8_bitmask.skip/timeloop-mapper.stats.txt--------------
../output_0.8_bitmask.skip/timeloop-mapper.stats.txt-Utilization: 0.93
../output_0.8_bitmask.skip/timeloop-mapper.stats.txt-Cycles: 1449761
../output_0.8_bitmask.skip/timeloop-mapper.stats.txt-Energy: 12.30 uJ
../output_0.8_bitmask.skip/timeloop-mapper.stats.txt-Area: 0.64 mm^2
--
../output_0.8_bitmask/timeloop-mapper.stats.txt:Summary Stats
../output_0.8_bitmask/timeloop-mapper.stats.txt--------------
../output_0.8_bitmask/timeloop-mapper.stats.txt-Utilization: 0.64
../output_0.8_bitmask/timeloop-mapper.stats.txt-Cycles: 2113536
../output_0.8_bitmask/timeloop-mapper.stats.txt-Energy: 12.29 uJ
../output_0.8_bitmask/timeloop-mapper.stats.txt-Area: 0.64 mm^2
--
../output_0.8_coo/timeloop-mapper.stats.txt:Summary Stats
../output_0.8_coo/timeloop-mapper.stats.txt--------------
../output_0.8_coo/timeloop-mapper.stats.txt-Utilization: 0.36
../output_0.8_coo/timeloop-mapper.stats.txt-Cycles: 3698200
../output_0.8_coo/timeloop-mapper.stats.txt-Energy: 25.46 uJ
../output_0.8_coo/timeloop-mapper.stats.txt-Area: 0.64 mm^2
